<?xml version="1.0" encoding="UTF-8"?>
<!-- Generated by org.testng.reporters.JUnitXMLReporter -->
<testsuite ignored="0" hostname="EQAW42SLPC6558" failures="0" tests="3" name="Default test" time="51.616" errors="0" timestamp="2024-06-12T12:44:15 IST">
  <testcase classname="com.SeleniumEcommerce.testcases.AddToCartTest" name="verifyClickOnAddtoCart" time="9.763"/>
  <testcase classname="com.SeleniumEcommerce.testcases.AddToCartTest" name="verifyCountInMyCart" time="9.772"/>
  <testcase classname="com.SeleniumEcommerce.testcases.AddToCartTest" name="verifyShoppingInMyCart" time="11.437"/>
</testsuite> <!-- Default test -->
