<?xml version="1.0" encoding="UTF-8"?>
<!-- Generated by org.testng.reporters.JUnitXMLReporter -->
<testsuite ignored="4" hostname="EQAW42SLPC6558" failures="0" tests="8" name="Test_All" time="128.722" errors="0" timestamp="2024-06-12T15:38:19 IST">
  <testcase classname="testcases.HomePageTest" name="verifyLogo" time="0.243"/>
  <testcase classname="testcases.HomePageTest" name="verifySearchBox" time="0.402"/>
  <testcase classname="testcases.AddToCartTest" name="verifyClickOnAddtoCart" time="12.132"/>
  <testcase classname="testcases.AddToCartTest" name="verifyCountInMyCart" time="12.54"/>
  <testcase classname="testcases.AddToCartTest" name="verifyShoppingInMyCart" time="11.855"/>
  <testcase classname="testcases.SearchPageTest" name="verifyClickOnSearchBox" time="0.366"/>
  <testcase classname="testcases.SearchPageTest" name="VerifySearchProduct" time="6.797"/>
  <testcase classname="testcases.SearchPageTest" name="VerifySearchResult" time="6.998"/>
  <testcase classname="base.BaseClass" name="@AfterSuite afterSuite" time="0.0">
    <ignored/>
  </testcase> <!-- @AfterSuite afterSuite -->
  <testcase classname="base.BaseClass" name="@AfterSuite afterSuite" time="0.0">
    <ignored/>
  </testcase> <!-- @AfterSuite afterSuite -->
  <testcase classname="base.BaseClass" name="@BeforeSuite loadConfig" time="0.0">
    <ignored/>
  </testcase> <!-- @BeforeSuite loadConfig -->
  <testcase classname="base.BaseClass" name="@BeforeSuite loadConfig" time="0.0">
    <ignored/>
  </testcase> <!-- @BeforeSuite loadConfig -->
</testsuite> <!-- Test_All -->
